2017-08-04 01:11:09 [scrapy.utils.log] INFO: Scrapy 1.4.0 started (bot: Lagou)
2017-08-04 01:11:09 [scrapy.utils.log] INFO: Overridden settings: {'NEWSPIDER_MODULE': 'Lagou.spiders', 'SPIDER_MODULES': ['Lagou.spiders'], 'LOG_FILE': 'Lagou.log', 'BOT_NAME': 'Lagou'}
2017-08-04 01:11:10 [scrapy.middleware] INFO: Enabled extensions:
['scrapy.extensions.logstats.LogStats',
 'scrapy.extensions.telnet.TelnetConsole',
 'scrapy.extensions.corestats.CoreStats']
2017-08-04 01:11:10 [scrapy.middleware] INFO: Enabled downloader middlewares:
['scrapy.downloadermiddlewares.httpauth.HttpAuthMiddleware',
 'scrapy.downloadermiddlewares.downloadtimeout.DownloadTimeoutMiddleware',
 'scrapy.downloadermiddlewares.defaultheaders.DefaultHeadersMiddleware',
 'scrapy.downloadermiddlewares.useragent.UserAgentMiddleware',
 'scrapy.downloadermiddlewares.retry.RetryMiddleware',
 'scrapy.downloadermiddlewares.redirect.MetaRefreshMiddleware',
 'scrapy.downloadermiddlewares.httpcompression.HttpCompressionMiddleware',
 'scrapy.downloadermiddlewares.redirect.RedirectMiddleware',
 'scrapy.downloadermiddlewares.cookies.CookiesMiddleware',
 'scrapy.downloadermiddlewares.httpproxy.HttpProxyMiddleware',
 'scrapy.downloadermiddlewares.stats.DownloaderStats']
2017-08-04 01:11:10 [scrapy.middleware] INFO: Enabled spider middlewares:
['scrapy.spidermiddlewares.httperror.HttpErrorMiddleware',
 'scrapy.spidermiddlewares.offsite.OffsiteMiddleware',
 'scrapy.spidermiddlewares.referer.RefererMiddleware',
 'scrapy.spidermiddlewares.urllength.UrlLengthMiddleware',
 'scrapy.spidermiddlewares.depth.DepthMiddleware']
2017-08-04 01:11:10 [scrapy.middleware] INFO: Enabled item pipelines:
['Lagou.pipelines.LagouPipeline']
2017-08-04 01:11:10 [scrapy.core.engine] INFO: Spider opened
2017-08-04 01:11:10 [scrapy.extensions.logstats] INFO: Crawled 0 pages (at 0 pages/min), scraped 0 items (at 0 items/min)
2017-08-04 01:11:10 [scrapy.extensions.telnet] DEBUG: Telnet console listening on 127.0.0.1:6023
2017-08-04 01:11:10 [scrapy.core.engine] ERROR: Error while obtaining start requests
Traceback (most recent call last):
  File "c:\python27\lib\site-packages\scrapy\core\engine.py", line 127, in _next_request
    request = next(slot.start_requests)
  File "D:\python\Lagou\Lagou\spiders\lagou.py", line 26, in start_requests
    callback= self.parse_page,
  File "c:\python27\lib\site-packages\scrapy\http\request\form.py", line 31, in __init__
    querystr = _urlencode(items, self.encoding)
  File "c:\python27\lib\site-packages\scrapy\http\request\form.py", line 66, in _urlencode
    for k, vs in seq
ValueError: need more than 1 value to unpack
2017-08-04 01:11:10 [scrapy.core.engine] INFO: Closing spider (finished)
2017-08-04 01:11:10 [scrapy.statscollectors] INFO: Dumping Scrapy stats:
{'finish_reason': 'finished',
 'finish_time': datetime.datetime(2017, 8, 3, 17, 11, 10, 124000),
 'log_count/DEBUG': 1,
 'log_count/ERROR': 1,
 'log_count/INFO': 7,
 'start_time': datetime.datetime(2017, 8, 3, 17, 11, 10, 120000)}
2017-08-04 01:11:10 [scrapy.core.engine] INFO: Spider closed (finished)
2017-08-04 01:11:18 [scrapy.utils.log] INFO: Scrapy 1.4.0 started (bot: Lagou)
2017-08-04 01:11:18 [scrapy.utils.log] INFO: Overridden settings: {'NEWSPIDER_MODULE': 'Lagou.spiders', 'SPIDER_MODULES': ['Lagou.spiders'], 'LOG_FILE': 'Lagou.log', 'BOT_NAME': 'Lagou'}
2017-08-04 01:11:18 [scrapy.middleware] INFO: Enabled extensions:
['scrapy.extensions.logstats.LogStats',
 'scrapy.extensions.telnet.TelnetConsole',
 'scrapy.extensions.corestats.CoreStats']
2017-08-04 01:11:18 [scrapy.middleware] INFO: Enabled downloader middlewares:
['scrapy.downloadermiddlewares.httpauth.HttpAuthMiddleware',
 'scrapy.downloadermiddlewares.downloadtimeout.DownloadTimeoutMiddleware',
 'scrapy.downloadermiddlewares.defaultheaders.DefaultHeadersMiddleware',
 'scrapy.downloadermiddlewares.useragent.UserAgentMiddleware',
 'scrapy.downloadermiddlewares.retry.RetryMiddleware',
 'scrapy.downloadermiddlewares.redirect.MetaRefreshMiddleware',
 'scrapy.downloadermiddlewares.httpcompression.HttpCompressionMiddleware',
 'scrapy.downloadermiddlewares.redirect.RedirectMiddleware',
 'scrapy.downloadermiddlewares.cookies.CookiesMiddleware',
 'scrapy.downloadermiddlewares.httpproxy.HttpProxyMiddleware',
 'scrapy.downloadermiddlewares.stats.DownloaderStats']
2017-08-04 01:11:18 [scrapy.middleware] INFO: Enabled spider middlewares:
['scrapy.spidermiddlewares.httperror.HttpErrorMiddleware',
 'scrapy.spidermiddlewares.offsite.OffsiteMiddleware',
 'scrapy.spidermiddlewares.referer.RefererMiddleware',
 'scrapy.spidermiddlewares.urllength.UrlLengthMiddleware',
 'scrapy.spidermiddlewares.depth.DepthMiddleware']
2017-08-04 01:11:18 [scrapy.middleware] INFO: Enabled item pipelines:
['Lagou.pipelines.LagouPipeline']
2017-08-04 01:11:18 [scrapy.core.engine] INFO: Spider opened
2017-08-04 01:11:18 [scrapy.extensions.logstats] INFO: Crawled 0 pages (at 0 pages/min), scraped 0 items (at 0 items/min)
2017-08-04 01:11:18 [scrapy.extensions.telnet] DEBUG: Telnet console listening on 127.0.0.1:6023
2017-08-04 01:11:18 [scrapy.core.engine] ERROR: Error while obtaining start requests
Traceback (most recent call last):
  File "c:\python27\lib\site-packages\scrapy\core\engine.py", line 127, in _next_request
    request = next(slot.start_requests)
  File "D:\python\Lagou\Lagou\spiders\lagou.py", line 27, in start_requests
    callback= self.parse_page,
  File "c:\python27\lib\site-packages\scrapy\http\request\form.py", line 31, in __init__
    querystr = _urlencode(items, self.encoding)
  File "c:\python27\lib\site-packages\scrapy\http\request\form.py", line 66, in _urlencode
    for k, vs in seq
ValueError: need more than 1 value to unpack
2017-08-04 01:11:18 [scrapy.core.engine] INFO: Closing spider (finished)
2017-08-04 01:11:18 [scrapy.statscollectors] INFO: Dumping Scrapy stats:
{'finish_reason': 'finished',
 'finish_time': datetime.datetime(2017, 8, 3, 17, 11, 18, 676000),
 'log_count/DEBUG': 1,
 'log_count/ERROR': 1,
 'log_count/INFO': 7,
 'start_time': datetime.datetime(2017, 8, 3, 17, 11, 18, 671000)}
2017-08-04 01:11:18 [scrapy.core.engine] INFO: Spider closed (finished)
2017-08-04 01:12:31 [scrapy.utils.log] INFO: Scrapy 1.4.0 started (bot: Lagou)
2017-08-04 01:12:31 [scrapy.utils.log] INFO: Overridden settings: {'NEWSPIDER_MODULE': 'Lagou.spiders', 'SPIDER_MODULES': ['Lagou.spiders'], 'LOG_FILE': 'Lagou.log', 'BOT_NAME': 'Lagou'}
2017-08-04 01:12:31 [scrapy.middleware] INFO: Enabled extensions:
['scrapy.extensions.logstats.LogStats',
 'scrapy.extensions.telnet.TelnetConsole',
 'scrapy.extensions.corestats.CoreStats']
2017-08-04 01:12:31 [scrapy.middleware] INFO: Enabled downloader middlewares:
['scrapy.downloadermiddlewares.httpauth.HttpAuthMiddleware',
 'scrapy.downloadermiddlewares.downloadtimeout.DownloadTimeoutMiddleware',
 'scrapy.downloadermiddlewares.defaultheaders.DefaultHeadersMiddleware',
 'scrapy.downloadermiddlewares.useragent.UserAgentMiddleware',
 'scrapy.downloadermiddlewares.retry.RetryMiddleware',
 'scrapy.downloadermiddlewares.redirect.MetaRefreshMiddleware',
 'scrapy.downloadermiddlewares.httpcompression.HttpCompressionMiddleware',
 'scrapy.downloadermiddlewares.redirect.RedirectMiddleware',
 'scrapy.downloadermiddlewares.cookies.CookiesMiddleware',
 'scrapy.downloadermiddlewares.httpproxy.HttpProxyMiddleware',
 'scrapy.downloadermiddlewares.stats.DownloaderStats']
2017-08-04 01:12:31 [scrapy.middleware] INFO: Enabled spider middlewares:
['scrapy.spidermiddlewares.httperror.HttpErrorMiddleware',
 'scrapy.spidermiddlewares.offsite.OffsiteMiddleware',
 'scrapy.spidermiddlewares.referer.RefererMiddleware',
 'scrapy.spidermiddlewares.urllength.UrlLengthMiddleware',
 'scrapy.spidermiddlewares.depth.DepthMiddleware']
2017-08-04 01:12:31 [scrapy.middleware] INFO: Enabled item pipelines:
['Lagou.pipelines.LagouPipeline']
2017-08-04 01:12:31 [scrapy.core.engine] INFO: Spider opened
2017-08-04 01:12:31 [scrapy.extensions.logstats] INFO: Crawled 0 pages (at 0 pages/min), scraped 0 items (at 0 items/min)
2017-08-04 01:12:31 [scrapy.extensions.telnet] DEBUG: Telnet console listening on 127.0.0.1:6023
2017-08-04 01:12:31 [scrapy.core.engine] ERROR: Error while obtaining start requests
Traceback (most recent call last):
  File "c:\python27\lib\site-packages\scrapy\core\engine.py", line 127, in _next_request
    request = next(slot.start_requests)
  File "D:\python\Lagou\Lagou\spiders\lagou.py", line 27, in start_requests
    callback= self.parse_page,
  File "c:\python27\lib\site-packages\scrapy\http\request\form.py", line 31, in __init__
    querystr = _urlencode(items, self.encoding)
  File "c:\python27\lib\site-packages\scrapy\http\request\form.py", line 66, in _urlencode
    for k, vs in seq
ValueError: need more than 1 value to unpack
2017-08-04 01:12:31 [scrapy.core.engine] INFO: Closing spider (finished)
2017-08-04 01:12:31 [scrapy.statscollectors] INFO: Dumping Scrapy stats:
{'finish_reason': 'finished',
 'finish_time': datetime.datetime(2017, 8, 3, 17, 12, 31, 912000),
 'log_count/DEBUG': 1,
 'log_count/ERROR': 1,
 'log_count/INFO': 7,
 'start_time': datetime.datetime(2017, 8, 3, 17, 12, 31, 905000)}
2017-08-04 01:12:31 [scrapy.core.engine] INFO: Spider closed (finished)
2017-08-04 01:12:43 [scrapy.utils.log] INFO: Scrapy 1.4.0 started (bot: Lagou)
2017-08-04 01:12:43 [scrapy.utils.log] INFO: Overridden settings: {'NEWSPIDER_MODULE': 'Lagou.spiders', 'SPIDER_MODULES': ['Lagou.spiders'], 'LOG_FILE': 'Lagou.log', 'BOT_NAME': 'Lagou'}
2017-08-04 01:12:43 [scrapy.middleware] INFO: Enabled extensions:
['scrapy.extensions.logstats.LogStats',
 'scrapy.extensions.telnet.TelnetConsole',
 'scrapy.extensions.corestats.CoreStats']
2017-08-04 01:12:43 [scrapy.middleware] INFO: Enabled downloader middlewares:
['scrapy.downloadermiddlewares.httpauth.HttpAuthMiddleware',
 'scrapy.downloadermiddlewares.downloadtimeout.DownloadTimeoutMiddleware',
 'scrapy.downloadermiddlewares.defaultheaders.DefaultHeadersMiddleware',
 'scrapy.downloadermiddlewares.useragent.UserAgentMiddleware',
 'scrapy.downloadermiddlewares.retry.RetryMiddleware',
 'scrapy.downloadermiddlewares.redirect.MetaRefreshMiddleware',
 'scrapy.downloadermiddlewares.httpcompression.HttpCompressionMiddleware',
 'scrapy.downloadermiddlewares.redirect.RedirectMiddleware',
 'scrapy.downloadermiddlewares.cookies.CookiesMiddleware',
 'scrapy.downloadermiddlewares.httpproxy.HttpProxyMiddleware',
 'scrapy.downloadermiddlewares.stats.DownloaderStats']
2017-08-04 01:12:43 [scrapy.middleware] INFO: Enabled spider middlewares:
['scrapy.spidermiddlewares.httperror.HttpErrorMiddleware',
 'scrapy.spidermiddlewares.offsite.OffsiteMiddleware',
 'scrapy.spidermiddlewares.referer.RefererMiddleware',
 'scrapy.spidermiddlewares.urllength.UrlLengthMiddleware',
 'scrapy.spidermiddlewares.depth.DepthMiddleware']
2017-08-04 01:12:43 [scrapy.middleware] INFO: Enabled item pipelines:
['Lagou.pipelines.LagouPipeline']
2017-08-04 01:12:43 [scrapy.core.engine] INFO: Spider opened
2017-08-04 01:12:43 [scrapy.extensions.logstats] INFO: Crawled 0 pages (at 0 pages/min), scraped 0 items (at 0 items/min)
2017-08-04 01:12:43 [scrapy.extensions.telnet] DEBUG: Telnet console listening on 127.0.0.1:6023
2017-08-04 01:12:43 [scrapy.core.engine] ERROR: Error while obtaining start requests
Traceback (most recent call last):
  File "c:\python27\lib\site-packages\scrapy\core\engine.py", line 127, in _next_request
    request = next(slot.start_requests)
  File "D:\python\Lagou\Lagou\spiders\lagou.py", line 27, in start_requests
    callback= self.parse_page,
  File "c:\python27\lib\site-packages\scrapy\http\request\form.py", line 31, in __init__
    querystr = _urlencode(items, self.encoding)
  File "c:\python27\lib\site-packages\scrapy\http\request\form.py", line 66, in _urlencode
    for k, vs in seq
ValueError: need more than 1 value to unpack
2017-08-04 01:12:43 [scrapy.core.engine] INFO: Closing spider (finished)
2017-08-04 01:12:43 [scrapy.statscollectors] INFO: Dumping Scrapy stats:
{'finish_reason': 'finished',
 'finish_time': datetime.datetime(2017, 8, 3, 17, 12, 43, 204000),
 'log_count/DEBUG': 1,
 'log_count/ERROR': 1,
 'log_count/INFO': 7,
 'start_time': datetime.datetime(2017, 8, 3, 17, 12, 43, 199000)}
2017-08-04 01:12:43 [scrapy.core.engine] INFO: Spider closed (finished)
2017-08-04 01:13:16 [scrapy.utils.log] INFO: Scrapy 1.4.0 started (bot: Lagou)
2017-08-04 01:13:16 [scrapy.utils.log] INFO: Overridden settings: {'NEWSPIDER_MODULE': 'Lagou.spiders', 'SPIDER_MODULES': ['Lagou.spiders'], 'LOG_FILE': 'Lagou.log', 'DOWNLOAD_DELAY': 2, 'BOT_NAME': 'Lagou'}
2017-08-04 01:13:16 [scrapy.middleware] INFO: Enabled extensions:
['scrapy.extensions.logstats.LogStats',
 'scrapy.extensions.telnet.TelnetConsole',
 'scrapy.extensions.corestats.CoreStats']
2017-08-04 01:13:16 [scrapy.middleware] INFO: Enabled downloader middlewares:
['scrapy.downloadermiddlewares.httpauth.HttpAuthMiddleware',
 'scrapy.downloadermiddlewares.downloadtimeout.DownloadTimeoutMiddleware',
 'scrapy.downloadermiddlewares.defaultheaders.DefaultHeadersMiddleware',
 'scrapy.downloadermiddlewares.useragent.UserAgentMiddleware',
 'scrapy.downloadermiddlewares.retry.RetryMiddleware',
 'scrapy.downloadermiddlewares.redirect.MetaRefreshMiddleware',
 'scrapy.downloadermiddlewares.httpcompression.HttpCompressionMiddleware',
 'scrapy.downloadermiddlewares.redirect.RedirectMiddleware',
 'scrapy.downloadermiddlewares.cookies.CookiesMiddleware',
 'scrapy.downloadermiddlewares.httpproxy.HttpProxyMiddleware',
 'scrapy.downloadermiddlewares.stats.DownloaderStats']
2017-08-04 01:13:16 [scrapy.middleware] INFO: Enabled spider middlewares:
['scrapy.spidermiddlewares.httperror.HttpErrorMiddleware',
 'scrapy.spidermiddlewares.offsite.OffsiteMiddleware',
 'scrapy.spidermiddlewares.referer.RefererMiddleware',
 'scrapy.spidermiddlewares.urllength.UrlLengthMiddleware',
 'scrapy.spidermiddlewares.depth.DepthMiddleware']
2017-08-04 01:13:16 [scrapy.middleware] INFO: Enabled item pipelines:
['Lagou.pipelines.LagouPipeline']
2017-08-04 01:13:16 [scrapy.core.engine] INFO: Spider opened
2017-08-04 01:13:16 [scrapy.extensions.logstats] INFO: Crawled 0 pages (at 0 pages/min), scraped 0 items (at 0 items/min)
2017-08-04 01:13:16 [scrapy.extensions.telnet] DEBUG: Telnet console listening on 127.0.0.1:6023
2017-08-04 01:13:16 [scrapy.core.engine] ERROR: Error while obtaining start requests
Traceback (most recent call last):
  File "c:\python27\lib\site-packages\scrapy\core\engine.py", line 127, in _next_request
    request = next(slot.start_requests)
  File "D:\python\Lagou\Lagou\spiders\lagou.py", line 27, in start_requests
    callback= self.parse_page,
  File "c:\python27\lib\site-packages\scrapy\http\request\form.py", line 31, in __init__
    querystr = _urlencode(items, self.encoding)
  File "c:\python27\lib\site-packages\scrapy\http\request\form.py", line 66, in _urlencode
    for k, vs in seq
ValueError: need more than 1 value to unpack
2017-08-04 01:13:16 [scrapy.core.engine] INFO: Closing spider (finished)
2017-08-04 01:13:16 [scrapy.statscollectors] INFO: Dumping Scrapy stats:
{'finish_reason': 'finished',
 'finish_time': datetime.datetime(2017, 8, 3, 17, 13, 16, 817000),
 'log_count/DEBUG': 1,
 'log_count/ERROR': 1,
 'log_count/INFO': 7,
 'start_time': datetime.datetime(2017, 8, 3, 17, 13, 16, 812000)}
2017-08-04 01:13:16 [scrapy.core.engine] INFO: Spider closed (finished)
2017-08-04 01:16:16 [scrapy.utils.log] INFO: Scrapy 1.4.0 started (bot: Lagou)
2017-08-04 01:16:16 [scrapy.utils.log] INFO: Overridden settings: {'NEWSPIDER_MODULE': 'Lagou.spiders', 'SPIDER_MODULES': ['Lagou.spiders'], 'LOG_FILE': 'Lagou.log', 'DOWNLOAD_DELAY': 2, 'BOT_NAME': 'Lagou'}
2017-08-04 01:16:16 [scrapy.middleware] INFO: Enabled extensions:
['scrapy.extensions.logstats.LogStats',
 'scrapy.extensions.telnet.TelnetConsole',
 'scrapy.extensions.corestats.CoreStats']
2017-08-04 01:16:16 [scrapy.middleware] INFO: Enabled downloader middlewares:
['scrapy.downloadermiddlewares.httpauth.HttpAuthMiddleware',
 'scrapy.downloadermiddlewares.downloadtimeout.DownloadTimeoutMiddleware',
 'scrapy.downloadermiddlewares.defaultheaders.DefaultHeadersMiddleware',
 'scrapy.downloadermiddlewares.useragent.UserAgentMiddleware',
 'scrapy.downloadermiddlewares.retry.RetryMiddleware',
 'scrapy.downloadermiddlewares.redirect.MetaRefreshMiddleware',
 'scrapy.downloadermiddlewares.httpcompression.HttpCompressionMiddleware',
 'scrapy.downloadermiddlewares.redirect.RedirectMiddleware',
 'scrapy.downloadermiddlewares.cookies.CookiesMiddleware',
 'scrapy.downloadermiddlewares.httpproxy.HttpProxyMiddleware',
 'scrapy.downloadermiddlewares.stats.DownloaderStats']
2017-08-04 01:16:16 [scrapy.middleware] INFO: Enabled spider middlewares:
['scrapy.spidermiddlewares.httperror.HttpErrorMiddleware',
 'scrapy.spidermiddlewares.offsite.OffsiteMiddleware',
 'scrapy.spidermiddlewares.referer.RefererMiddleware',
 'scrapy.spidermiddlewares.urllength.UrlLengthMiddleware',
 'scrapy.spidermiddlewares.depth.DepthMiddleware']
2017-08-04 01:16:16 [scrapy.middleware] INFO: Enabled item pipelines:
['Lagou.pipelines.LagouPipeline']
2017-08-04 01:16:16 [scrapy.core.engine] INFO: Spider opened
2017-08-04 01:16:16 [scrapy.extensions.logstats] INFO: Crawled 0 pages (at 0 pages/min), scraped 0 items (at 0 items/min)
2017-08-04 01:16:16 [scrapy.extensions.telnet] DEBUG: Telnet console listening on 127.0.0.1:6023
2017-08-04 01:16:16 [scrapy.core.engine] ERROR: Error while obtaining start requests
Traceback (most recent call last):
  File "c:\python27\lib\site-packages\scrapy\core\engine.py", line 127, in _next_request
    request = next(slot.start_requests)
  File "D:\python\Lagou\Lagou\spiders\lagou.py", line 42, in start_requests
    headers=self.headers
  File "c:\python27\lib\site-packages\scrapy\http\request\form.py", line 31, in __init__
    querystr = _urlencode(items, self.encoding)
  File "c:\python27\lib\site-packages\scrapy\http\request\form.py", line 66, in _urlencode
    for k, vs in seq
ValueError: need more than 1 value to unpack
2017-08-04 01:16:16 [scrapy.core.engine] INFO: Closing spider (finished)
2017-08-04 01:16:16 [scrapy.statscollectors] INFO: Dumping Scrapy stats:
{'finish_reason': 'finished',
 'finish_time': datetime.datetime(2017, 8, 3, 17, 16, 16, 650000),
 'log_count/DEBUG': 1,
 'log_count/ERROR': 1,
 'log_count/INFO': 7,
 'start_time': datetime.datetime(2017, 8, 3, 17, 16, 16, 645000)}
2017-08-04 01:16:16 [scrapy.core.engine] INFO: Spider closed (finished)
2017-08-04 01:16:32 [scrapy.utils.log] INFO: Scrapy 1.4.0 started (bot: Lagou)
2017-08-04 01:16:32 [scrapy.utils.log] INFO: Overridden settings: {'NEWSPIDER_MODULE': 'Lagou.spiders', 'SPIDER_MODULES': ['Lagou.spiders'], 'LOG_FILE': 'Lagou.log', 'DOWNLOAD_DELAY': 2, 'BOT_NAME': 'Lagou'}
2017-08-04 01:16:32 [scrapy.middleware] INFO: Enabled extensions:
['scrapy.extensions.logstats.LogStats',
 'scrapy.extensions.telnet.TelnetConsole',
 'scrapy.extensions.corestats.CoreStats']
2017-08-04 01:16:32 [scrapy.middleware] INFO: Enabled downloader middlewares:
['scrapy.downloadermiddlewares.httpauth.HttpAuthMiddleware',
 'scrapy.downloadermiddlewares.downloadtimeout.DownloadTimeoutMiddleware',
 'scrapy.downloadermiddlewares.defaultheaders.DefaultHeadersMiddleware',
 'scrapy.downloadermiddlewares.useragent.UserAgentMiddleware',
 'scrapy.downloadermiddlewares.retry.RetryMiddleware',
 'scrapy.downloadermiddlewares.redirect.MetaRefreshMiddleware',
 'scrapy.downloadermiddlewares.httpcompression.HttpCompressionMiddleware',
 'scrapy.downloadermiddlewares.redirect.RedirectMiddleware',
 'scrapy.downloadermiddlewares.cookies.CookiesMiddleware',
 'scrapy.downloadermiddlewares.httpproxy.HttpProxyMiddleware',
 'scrapy.downloadermiddlewares.stats.DownloaderStats']
2017-08-04 01:16:32 [scrapy.middleware] INFO: Enabled spider middlewares:
['scrapy.spidermiddlewares.httperror.HttpErrorMiddleware',
 'scrapy.spidermiddlewares.offsite.OffsiteMiddleware',
 'scrapy.spidermiddlewares.referer.RefererMiddleware',
 'scrapy.spidermiddlewares.urllength.UrlLengthMiddleware',
 'scrapy.spidermiddlewares.depth.DepthMiddleware']
2017-08-04 01:16:32 [scrapy.middleware] INFO: Enabled item pipelines:
['Lagou.pipelines.LagouPipeline']
2017-08-04 01:16:32 [scrapy.core.engine] INFO: Spider opened
2017-08-04 01:16:32 [scrapy.extensions.logstats] INFO: Crawled 0 pages (at 0 pages/min), scraped 0 items (at 0 items/min)
2017-08-04 01:16:32 [scrapy.extensions.telnet] DEBUG: Telnet console listening on 127.0.0.1:6023
2017-08-04 01:16:32 [scrapy.core.engine] ERROR: Error while obtaining start requests
Traceback (most recent call last):
  File "c:\python27\lib\site-packages\scrapy\core\engine.py", line 127, in _next_request
    request = next(slot.start_requests)
  File "D:\python\Lagou\Lagou\spiders\lagou.py", line 42, in start_requests
    headers=self.headers
  File "c:\python27\lib\site-packages\scrapy\http\request\form.py", line 31, in __init__
    querystr = _urlencode(items, self.encoding)
  File "c:\python27\lib\site-packages\scrapy\http\request\form.py", line 66, in _urlencode
    for k, vs in seq
ValueError: need more than 1 value to unpack
2017-08-04 01:16:32 [scrapy.core.engine] INFO: Closing spider (finished)
2017-08-04 01:16:32 [scrapy.statscollectors] INFO: Dumping Scrapy stats:
{'finish_reason': 'finished',
 'finish_time': datetime.datetime(2017, 8, 3, 17, 16, 32, 452000),
 'log_count/DEBUG': 1,
 'log_count/ERROR': 1,
 'log_count/INFO': 7,
 'start_time': datetime.datetime(2017, 8, 3, 17, 16, 32, 447000)}
2017-08-04 01:16:32 [scrapy.core.engine] INFO: Spider closed (finished)
2017-08-04 01:17:29 [scrapy.utils.log] INFO: Scrapy 1.4.0 started (bot: Lagou)
2017-08-04 01:17:29 [scrapy.utils.log] INFO: Overridden settings: {'NEWSPIDER_MODULE': 'Lagou.spiders', 'SPIDER_MODULES': ['Lagou.spiders'], 'LOG_FILE': 'Lagou.log', 'DOWNLOAD_DELAY': 2, 'BOT_NAME': 'Lagou'}
2017-08-04 01:17:29 [scrapy.middleware] INFO: Enabled extensions:
['scrapy.extensions.logstats.LogStats',
 'scrapy.extensions.telnet.TelnetConsole',
 'scrapy.extensions.corestats.CoreStats']
2017-08-04 01:17:29 [scrapy.middleware] INFO: Enabled downloader middlewares:
['scrapy.downloadermiddlewares.httpauth.HttpAuthMiddleware',
 'scrapy.downloadermiddlewares.downloadtimeout.DownloadTimeoutMiddleware',
 'scrapy.downloadermiddlewares.defaultheaders.DefaultHeadersMiddleware',
 'scrapy.downloadermiddlewares.useragent.UserAgentMiddleware',
 'scrapy.downloadermiddlewares.retry.RetryMiddleware',
 'scrapy.downloadermiddlewares.redirect.MetaRefreshMiddleware',
 'scrapy.downloadermiddlewares.httpcompression.HttpCompressionMiddleware',
 'scrapy.downloadermiddlewares.redirect.RedirectMiddleware',
 'scrapy.downloadermiddlewares.cookies.CookiesMiddleware',
 'scrapy.downloadermiddlewares.httpproxy.HttpProxyMiddleware',
 'scrapy.downloadermiddlewares.stats.DownloaderStats']
2017-08-04 01:17:29 [scrapy.middleware] INFO: Enabled spider middlewares:
['scrapy.spidermiddlewares.httperror.HttpErrorMiddleware',
 'scrapy.spidermiddlewares.offsite.OffsiteMiddleware',
 'scrapy.spidermiddlewares.referer.RefererMiddleware',
 'scrapy.spidermiddlewares.urllength.UrlLengthMiddleware',
 'scrapy.spidermiddlewares.depth.DepthMiddleware']
2017-08-04 01:17:29 [scrapy.middleware] INFO: Enabled item pipelines:
['Lagou.pipelines.LagouPipeline']
2017-08-04 01:17:29 [scrapy.core.engine] INFO: Spider opened
2017-08-04 01:17:29 [scrapy.extensions.logstats] INFO: Crawled 0 pages (at 0 pages/min), scraped 0 items (at 0 items/min)
2017-08-04 01:17:29 [scrapy.extensions.telnet] DEBUG: Telnet console listening on 127.0.0.1:6023
2017-08-04 01:17:29 [scrapy.core.engine] ERROR: Error while obtaining start requests
Traceback (most recent call last):
  File "c:\python27\lib\site-packages\scrapy\core\engine.py", line 127, in _next_request
    request = next(slot.start_requests)
  File "D:\python\Lagou\Lagou\spiders\lagou.py", line 41, in start_requests
    headers=self.headers
  File "c:\python27\lib\site-packages\scrapy\http\request\form.py", line 31, in __init__
    querystr = _urlencode(items, self.encoding)
  File "c:\python27\lib\site-packages\scrapy\http\request\form.py", line 66, in _urlencode
    for k, vs in seq
ValueError: need more than 1 value to unpack
2017-08-04 01:17:29 [scrapy.core.engine] INFO: Closing spider (finished)
2017-08-04 01:17:29 [scrapy.statscollectors] INFO: Dumping Scrapy stats:
{'finish_reason': 'finished',
 'finish_time': datetime.datetime(2017, 8, 3, 17, 17, 29, 391000),
 'log_count/DEBUG': 1,
 'log_count/ERROR': 1,
 'log_count/INFO': 7,
 'start_time': datetime.datetime(2017, 8, 3, 17, 17, 29, 387000)}
2017-08-04 01:17:29 [scrapy.core.engine] INFO: Spider closed (finished)
2017-08-04 01:17:40 [scrapy.utils.log] INFO: Scrapy 1.4.0 started (bot: Lagou)
2017-08-04 01:17:40 [scrapy.utils.log] INFO: Overridden settings: {'NEWSPIDER_MODULE': 'Lagou.spiders', 'SPIDER_MODULES': ['Lagou.spiders'], 'LOG_FILE': 'Lagou.log', 'DOWNLOAD_DELAY': 2, 'BOT_NAME': 'Lagou'}
2017-08-04 01:17:40 [scrapy.middleware] INFO: Enabled extensions:
['scrapy.extensions.logstats.LogStats',
 'scrapy.extensions.telnet.TelnetConsole',
 'scrapy.extensions.corestats.CoreStats']
2017-08-04 01:17:41 [scrapy.middleware] INFO: Enabled downloader middlewares:
['scrapy.downloadermiddlewares.httpauth.HttpAuthMiddleware',
 'scrapy.downloadermiddlewares.downloadtimeout.DownloadTimeoutMiddleware',
 'scrapy.downloadermiddlewares.defaultheaders.DefaultHeadersMiddleware',
 'scrapy.downloadermiddlewares.useragent.UserAgentMiddleware',
 'scrapy.downloadermiddlewares.retry.RetryMiddleware',
 'scrapy.downloadermiddlewares.redirect.MetaRefreshMiddleware',
 'scrapy.downloadermiddlewares.httpcompression.HttpCompressionMiddleware',
 'scrapy.downloadermiddlewares.redirect.RedirectMiddleware',
 'scrapy.downloadermiddlewares.cookies.CookiesMiddleware',
 'scrapy.downloadermiddlewares.httpproxy.HttpProxyMiddleware',
 'scrapy.downloadermiddlewares.stats.DownloaderStats']
2017-08-04 01:17:41 [scrapy.middleware] INFO: Enabled spider middlewares:
['scrapy.spidermiddlewares.httperror.HttpErrorMiddleware',
 'scrapy.spidermiddlewares.offsite.OffsiteMiddleware',
 'scrapy.spidermiddlewares.referer.RefererMiddleware',
 'scrapy.spidermiddlewares.urllength.UrlLengthMiddleware',
 'scrapy.spidermiddlewares.depth.DepthMiddleware']
2017-08-04 01:17:41 [scrapy.middleware] INFO: Enabled item pipelines:
['Lagou.pipelines.LagouPipeline']
2017-08-04 01:17:41 [scrapy.core.engine] INFO: Spider opened
2017-08-04 01:17:41 [scrapy.extensions.logstats] INFO: Crawled 0 pages (at 0 pages/min), scraped 0 items (at 0 items/min)
2017-08-04 01:17:41 [scrapy.extensions.telnet] DEBUG: Telnet console listening on 127.0.0.1:6023
2017-08-04 01:17:41 [scrapy.core.engine] ERROR: Error while obtaining start requests
Traceback (most recent call last):
  File "c:\python27\lib\site-packages\scrapy\core\engine.py", line 127, in _next_request
    request = next(slot.start_requests)
  File "D:\python\Lagou\Lagou\spiders\lagou.py", line 41, in start_requests
    headers=self.headers
  File "c:\python27\lib\site-packages\scrapy\http\request\form.py", line 31, in __init__
    querystr = _urlencode(items, self.encoding)
  File "c:\python27\lib\site-packages\scrapy\http\request\form.py", line 66, in _urlencode
    for k, vs in seq
ValueError: need more than 1 value to unpack
2017-08-04 01:17:41 [scrapy.core.engine] INFO: Closing spider (finished)
2017-08-04 01:17:41 [scrapy.statscollectors] INFO: Dumping Scrapy stats:
{'finish_reason': 'finished',
 'finish_time': datetime.datetime(2017, 8, 3, 17, 17, 41, 107000),
 'log_count/DEBUG': 1,
 'log_count/ERROR': 1,
 'log_count/INFO': 7,
 'start_time': datetime.datetime(2017, 8, 3, 17, 17, 41, 102000)}
2017-08-04 01:17:41 [scrapy.core.engine] INFO: Spider closed (finished)
2017-08-04 01:17:56 [scrapy.utils.log] INFO: Scrapy 1.4.0 started (bot: Lagou)
2017-08-04 01:17:56 [scrapy.utils.log] INFO: Overridden settings: {'NEWSPIDER_MODULE': 'Lagou.spiders', 'SPIDER_MODULES': ['Lagou.spiders'], 'LOG_FILE': 'Lagou.log', 'DOWNLOAD_DELAY': 2, 'BOT_NAME': 'Lagou'}
2017-08-04 01:17:56 [scrapy.middleware] INFO: Enabled extensions:
['scrapy.extensions.logstats.LogStats',
 'scrapy.extensions.telnet.TelnetConsole',
 'scrapy.extensions.corestats.CoreStats']
2017-08-04 01:17:56 [scrapy.middleware] INFO: Enabled downloader middlewares:
['scrapy.downloadermiddlewares.httpauth.HttpAuthMiddleware',
 'scrapy.downloadermiddlewares.downloadtimeout.DownloadTimeoutMiddleware',
 'scrapy.downloadermiddlewares.defaultheaders.DefaultHeadersMiddleware',
 'scrapy.downloadermiddlewares.useragent.UserAgentMiddleware',
 'scrapy.downloadermiddlewares.retry.RetryMiddleware',
 'scrapy.downloadermiddlewares.redirect.MetaRefreshMiddleware',
 'scrapy.downloadermiddlewares.httpcompression.HttpCompressionMiddleware',
 'scrapy.downloadermiddlewares.redirect.RedirectMiddleware',
 'scrapy.downloadermiddlewares.cookies.CookiesMiddleware',
 'scrapy.downloadermiddlewares.httpproxy.HttpProxyMiddleware',
 'scrapy.downloadermiddlewares.stats.DownloaderStats']
2017-08-04 01:17:56 [scrapy.middleware] INFO: Enabled spider middlewares:
['scrapy.spidermiddlewares.httperror.HttpErrorMiddleware',
 'scrapy.spidermiddlewares.offsite.OffsiteMiddleware',
 'scrapy.spidermiddlewares.referer.RefererMiddleware',
 'scrapy.spidermiddlewares.urllength.UrlLengthMiddleware',
 'scrapy.spidermiddlewares.depth.DepthMiddleware']
2017-08-04 01:17:56 [scrapy.middleware] INFO: Enabled item pipelines:
['Lagou.pipelines.LagouPipeline']
2017-08-04 01:17:56 [scrapy.core.engine] INFO: Spider opened
2017-08-04 01:17:56 [scrapy.extensions.logstats] INFO: Crawled 0 pages (at 0 pages/min), scraped 0 items (at 0 items/min)
2017-08-04 01:17:56 [scrapy.extensions.telnet] DEBUG: Telnet console listening on 127.0.0.1:6023
2017-08-04 01:17:56 [scrapy.core.engine] ERROR: Error while obtaining start requests
Traceback (most recent call last):
  File "c:\python27\lib\site-packages\scrapy\core\engine.py", line 127, in _next_request
    request = next(slot.start_requests)
  File "D:\python\Lagou\Lagou\spiders\lagou.py", line 41, in start_requests
    headers=self.headers
  File "c:\python27\lib\site-packages\scrapy\http\request\form.py", line 31, in __init__
    querystr = _urlencode(items, self.encoding)
  File "c:\python27\lib\site-packages\scrapy\http\request\form.py", line 66, in _urlencode
    for k, vs in seq
ValueError: need more than 1 value to unpack
2017-08-04 01:17:56 [scrapy.core.engine] INFO: Closing spider (finished)
2017-08-04 01:17:56 [scrapy.statscollectors] INFO: Dumping Scrapy stats:
{'finish_reason': 'finished',
 'finish_time': datetime.datetime(2017, 8, 3, 17, 17, 56, 979000),
 'log_count/DEBUG': 1,
 'log_count/ERROR': 1,
 'log_count/INFO': 7,
 'start_time': datetime.datetime(2017, 8, 3, 17, 17, 56, 974000)}
2017-08-04 01:17:56 [scrapy.core.engine] INFO: Spider closed (finished)
2017-08-04 01:18:27 [scrapy.utils.log] INFO: Scrapy 1.4.0 started (bot: Lagou)
2017-08-04 01:18:27 [scrapy.utils.log] INFO: Overridden settings: {'NEWSPIDER_MODULE': 'Lagou.spiders', 'SPIDER_MODULES': ['Lagou.spiders'], 'LOG_FILE': 'Lagou.log', 'DOWNLOAD_DELAY': 2, 'BOT_NAME': 'Lagou'}
2017-08-04 01:18:27 [scrapy.middleware] INFO: Enabled extensions:
['scrapy.extensions.logstats.LogStats',
 'scrapy.extensions.telnet.TelnetConsole',
 'scrapy.extensions.corestats.CoreStats']
2017-08-04 01:18:27 [scrapy.middleware] INFO: Enabled downloader middlewares:
['scrapy.downloadermiddlewares.httpauth.HttpAuthMiddleware',
 'scrapy.downloadermiddlewares.downloadtimeout.DownloadTimeoutMiddleware',
 'scrapy.downloadermiddlewares.defaultheaders.DefaultHeadersMiddleware',
 'scrapy.downloadermiddlewares.useragent.UserAgentMiddleware',
 'scrapy.downloadermiddlewares.retry.RetryMiddleware',
 'scrapy.downloadermiddlewares.redirect.MetaRefreshMiddleware',
 'scrapy.downloadermiddlewares.httpcompression.HttpCompressionMiddleware',
 'scrapy.downloadermiddlewares.redirect.RedirectMiddleware',
 'scrapy.downloadermiddlewares.cookies.CookiesMiddleware',
 'scrapy.downloadermiddlewares.httpproxy.HttpProxyMiddleware',
 'scrapy.downloadermiddlewares.stats.DownloaderStats']
2017-08-04 01:18:27 [scrapy.middleware] INFO: Enabled spider middlewares:
['scrapy.spidermiddlewares.httperror.HttpErrorMiddleware',
 'scrapy.spidermiddlewares.offsite.OffsiteMiddleware',
 'scrapy.spidermiddlewares.referer.RefererMiddleware',
 'scrapy.spidermiddlewares.urllength.UrlLengthMiddleware',
 'scrapy.spidermiddlewares.depth.DepthMiddleware']
2017-08-04 01:18:27 [scrapy.middleware] INFO: Enabled item pipelines:
['Lagou.pipelines.LagouPipeline']
2017-08-04 01:18:27 [twisted] CRITICAL: Unhandled error in Deferred:
2017-08-04 01:18:27 [twisted] CRITICAL: 
Traceback (most recent call last):
  File "c:\python27\lib\site-packages\twisted\internet\defer.py", line 1386, in _inlineCallbacks
    result = g.send(result)
  File "c:\python27\lib\site-packages\scrapy\crawler.py", line 95, in crawl
    six.reraise(*exc_info)
  File "c:\python27\lib\site-packages\scrapy\crawler.py", line 78, in crawl
    start_requests = iter(self.spider.start_requests())
  File "D:\python\Lagou\Lagou\spiders\lagou.py", line 41, in start_requests
    headers=self.headers
  File "c:\python27\lib\site-packages\scrapy\http\request\form.py", line 31, in __init__
    querystr = _urlencode(items, self.encoding)
  File "c:\python27\lib\site-packages\scrapy\http\request\form.py", line 66, in _urlencode
    for k, vs in seq
ValueError: need more than 1 value to unpack
2017-08-04 01:18:35 [scrapy.utils.log] INFO: Scrapy 1.4.0 started (bot: Lagou)
2017-08-04 01:18:35 [scrapy.utils.log] INFO: Overridden settings: {'NEWSPIDER_MODULE': 'Lagou.spiders', 'SPIDER_MODULES': ['Lagou.spiders'], 'LOG_FILE': 'Lagou.log', 'DOWNLOAD_DELAY': 2, 'BOT_NAME': 'Lagou'}
2017-08-04 01:18:35 [scrapy.middleware] INFO: Enabled extensions:
['scrapy.extensions.logstats.LogStats',
 'scrapy.extensions.telnet.TelnetConsole',
 'scrapy.extensions.corestats.CoreStats']
2017-08-04 01:18:35 [scrapy.middleware] INFO: Enabled downloader middlewares:
['scrapy.downloadermiddlewares.httpauth.HttpAuthMiddleware',
 'scrapy.downloadermiddlewares.downloadtimeout.DownloadTimeoutMiddleware',
 'scrapy.downloadermiddlewares.defaultheaders.DefaultHeadersMiddleware',
 'scrapy.downloadermiddlewares.useragent.UserAgentMiddleware',
 'scrapy.downloadermiddlewares.retry.RetryMiddleware',
 'scrapy.downloadermiddlewares.redirect.MetaRefreshMiddleware',
 'scrapy.downloadermiddlewares.httpcompression.HttpCompressionMiddleware',
 'scrapy.downloadermiddlewares.redirect.RedirectMiddleware',
 'scrapy.downloadermiddlewares.cookies.CookiesMiddleware',
 'scrapy.downloadermiddlewares.httpproxy.HttpProxyMiddleware',
 'scrapy.downloadermiddlewares.stats.DownloaderStats']
2017-08-04 01:18:35 [scrapy.middleware] INFO: Enabled spider middlewares:
['scrapy.spidermiddlewares.httperror.HttpErrorMiddleware',
 'scrapy.spidermiddlewares.offsite.OffsiteMiddleware',
 'scrapy.spidermiddlewares.referer.RefererMiddleware',
 'scrapy.spidermiddlewares.urllength.UrlLengthMiddleware',
 'scrapy.spidermiddlewares.depth.DepthMiddleware']
2017-08-04 01:18:35 [scrapy.middleware] INFO: Enabled item pipelines:
['Lagou.pipelines.LagouPipeline']
2017-08-04 01:18:35 [twisted] CRITICAL: Unhandled error in Deferred:
2017-08-04 01:18:35 [twisted] CRITICAL: 
Traceback (most recent call last):
  File "c:\python27\lib\site-packages\twisted\internet\defer.py", line 1386, in _inlineCallbacks
    result = g.send(result)
  File "c:\python27\lib\site-packages\scrapy\crawler.py", line 95, in crawl
    six.reraise(*exc_info)
  File "c:\python27\lib\site-packages\scrapy\crawler.py", line 78, in crawl
    start_requests = iter(self.spider.start_requests())
  File "D:\python\Lagou\Lagou\spiders\lagou.py", line 41, in start_requests
    headers=self.headers
  File "c:\python27\lib\site-packages\scrapy\http\request\form.py", line 31, in __init__
    querystr = _urlencode(items, self.encoding)
  File "c:\python27\lib\site-packages\scrapy\http\request\form.py", line 66, in _urlencode
    for k, vs in seq
ValueError: need more than 1 value to unpack
